Stain#4449 s'est destitué du rôle Invité dans le serveur Dogsbot Debug! Date: 2020-11-07 19:47:50.889143
Stain#4449 s'est attribué le rôle Invité dans le serveur Dogsbot Debug! Date: 2020-11-07 19:48:55.324258
Stain#4449 s'est destitué du rôle Invité dans le serveur Dogsbot Debug! Date: 2020-11-07 19:48:57.572058
Stain#4449 s'est attribué le rôle test dans le serveur Dogsbot Debug! Date: 2020-11-07 20:36:56.893675
Stain#4449 s'est destitué du rôle test dans le serveur Dogsbot Debug! Date: 2020-11-07 20:37:15.278517
2020-11-07 21:23:45.682328 | Stain#4449 s'est attribué le rôle Invité dans le serveur Dogsbot Debug | 
2020-11-07 21:23:49.993976 | Stain#4449 s'est destitué du rôle Invité dans le serveur Dogsbot Debug | 
2020-11-07 21:23:54.508226 | Stain#4449 s'est attribué le rôle test dans le serveur Dogsbot Debug | 
2020-11-07 21:23:56.484669 | Stain#4449 s'est destitué du rôle test dans le serveur Dogsbot Debug | 
2020-11-07 21:24:21.280300 | Stain#4449 a écrit quelque chose via le bot dans le serveur Dogsbot Debug | 
2020-11-07 21:27:21.461784 | Fichier de log 'logs_440141443877830656_2020-11-07 21:27:20.504694.log' généré par Stain#4449 dans le serveur Dogsbot Debug(id: 748856777105211423) | 
2020-11-07 21:27:33.485876 | Fichier de log 'logs_440141443877830656_2020-11-07 21:27:33.108757.log' généré par Stain#4449 dans le serveur Dogsbot Debug(id: 748856777105211423) | 
2020-11-08 00:38:36.513068 | <@440141443877830656> a ajouté le mot rigolo dans la table pendu | 
2020-11-08 00:41:08.504712 | Stain#4449 a ajouté le mot brawlhalla dans la table pendu | 
2020-11-08 00:41:39.459992 | Stain#4449 a ajouté les mots ['`pouvoir`', '`super`', '`genial`', '`impressionant`'] dans la table pendu | 
2020-11-08 21:36:42.899128 | 2020-11-08 23:05:55.596833 | 2020-11-09 03:49:22.925609 | Fichier de log 'logs_440141443877830656_2020-11-09 03:49:22.143955.log' généré par Stain#4449 dans le serveur Dogsbot Debug(id: 748856777105211423) | 
2020-11-09 08:44:54.993740 | Fichier de log 'logs_440141443877830656_2020-11-09 08:44:54.415778.log' généré par Stain#4449 dans le serveur Dogsbot Debug(id: 748856777105211423) | 
2020-11-09 12:48:27.827189 | Fichier de log 'logs_440141443877830656_2020-11-09 12:48:27.358587.log' généré par Stain#4449 dans le serveur Dogsbot Debug(id: 748856777105211423) | 
2020-11-09 12:49:24.769575 | Stain#4449 a écrit quelque chose via le bot dans le serveur Dogsbot Debug | 
2020-11-12 11:14:20.338614 | Fichier de log 'logs_440141443877830656_2020-11-12 11:14:19.232571.log' généré par Stain#4449 dans le serveur Dogsbot Debug(id: 748856777105211423) | 
