2021-03-07 04:26:09.355711 | Stain#4449 s'est attribué le rôle Joueur Among US! | 
2021-03-07 04:26:12.407857 | Stain#4449 s'est retiré le rôle Joueur Among US! | 2021-03-07 07:04:12.697257 | kaneda57#2504 s'est attribué le rôle Joueur Animal Crossing NH! | 
2021-03-07 18:32:41.762636 | GreatWizard#6061 a rejoint le serveur! | 
2021-03-07 20:32:43.550297 | micheltmp#8976 a rejoint le serveur! | 
2021-03-08 09:48:43.585596 | CometeDaxter#6221 s'est attribué le rôle Utilisateur Atmosphere! | 
2021-03-08 09:48:47.782939 | CometeDaxter#6221 s'est attribué le rôle Joueur Mario Kart 8! | 
2021-03-08 09:48:48.317605 | CometeDaxter#6221 s'est retiré le rôle Joueur Mario Kart 8! | 
2021-03-08 09:48:55.468635 | CometeDaxter#6221 s'est attribué le rôle Joueur Mario Kart 8! | 
2021-03-08 09:49:08.310690 | CometeDaxter#6221 s'est attribué le rôle Joueur SSBU! | 
2021-03-08 09:49:08.868354 | CometeDaxter#6221 s'est retiré le rôle Joueur SSBU! | 
2021-03-08 09:49:09.796657 | CometeDaxter#6221 s'est attribué le rôle Joueur SSBU! | 
2021-03-08 09:49:11.020667 | CometeDaxter#6221 s'est retiré le rôle Joueur SSBU! | 
2021-03-08 09:49:11.653589 | CometeDaxter#6221 s'est attribué le rôle Joueur SSBU! | 
2021-03-08 09:49:17.567057 | CometeDaxter#6221 s'est attribué le rôle Joueur Splatoon 2! | 
2021-03-08 09:49:18.184279 | CometeDaxter#6221 s'est retiré le rôle Joueur Splatoon 2! | 
2021-03-08 09:49:19.256517 | CometeDaxter#6221 s'est attribué le rôle Joueur Payday 2! | 
2021-03-08 09:49:19.789743 | CometeDaxter#6221 s'est retiré le rôle Joueur Payday 2! | 
2021-03-08 09:49:20.842116 | CometeDaxter#6221 s'est attribué le rôle Joueur Zombie Army! | 
2021-03-08 09:49:22.708363 | CometeDaxter#6221 s'est retiré le rôle Joueur Zombie Army! | 
2021-03-08 09:49:27.905202 | CometeDaxter#6221 s'est attribué le rôle Joueur Rocket League! | 
2021-03-08 09:49:29.116309 | CometeDaxter#6221 s'est attribué le rôle Joueur Mario Tennis Aces! | 
2021-03-08 09:49:40.724375 | CometeDaxter#6221 s'est attribué le rôle Joueur Monster Hunter! | 
2021-03-08 09:49:44.599120 | CometeDaxter#6221 s'est attribué le rôle Joueur Super Mario Party! | 
2021-03-08 09:49:46.347140 | CometeDaxter#6221 s'est attribué le rôle Joueur Animal Crossing NH! | 
2021-03-08 13:25:36.075891 | sky#1150 a rejoint le serveur! | 
2021-03-08 13:28:10.230305 | sky#1150 s'est attribué le rôle Utilisateur SXOS! | 
2021-03-08 13:28:14.782744 | sky#1150 s'est attribué le rôle Utilisateur Non Banni NSO! | 
2021-03-08 13:28:33.274159 | sky#1150 s'est attribué le rôle Joueur Monster Hunter! | 
2021-03-08 20:25:45.495021 | tr1p0p#4144 a rejoint le serveur! | 
2021-03-09 03:26:14.999890 | Stain a effacé 2 messages du salon test-bots! | 
2021-03-09 17:05:12.527857 | vlou#6524 a quitté le serveur! | 
2021-03-09 23:47:16.908492 | noxskc#8858 a quitté le serveur! | 
2021-03-10 01:57:37.891499 | Kilian#5672 s'est attribué le rôle Utilisateur Atmosphere! | 
2021-03-10 01:57:40.129605 | Kilian#5672 s'est attribué le rôle Utilisateur Non Banni NSO! | 
