2021-03-07 04:06:57.950470 | Stain#4449 s'est retiré le rôle 3! | 
2021-03-07 04:06:58.474067 | Stain#4449 s'est retiré le rôle 2! | 
2021-03-07 04:06:59.095956 | Stain#4449 s'est retiré le rôle 5! | 
2021-03-07 04:06:59.563155 | Stain#4449 s'est retiré le rôle 6! | 
2021-03-07 04:07:00.197486 | Stain#4449 s'est retiré le rôle 7! | 
2021-03-07 04:07:03.204086 | Stain#4449 s'est retiré le rôle 8! | 
2021-03-07 04:07:03.390207 | Stain#4449 s'est retiré le rôle 9! | 
2021-03-07 04:07:22.374879 | Stain#4449 a joué au pendu dans le salon pendu! | 
2021-03-07 04:07:31.843879 | Stain#4449 a ajouté le mot jujutsukaisen dans la table pendu | 
2021-03-07 04:07:37.581254 | Stain#4449 a ajouté le mot kaisen dans la table pendu | 
2021-03-07 04:37:21.757025 | 'NoneType' object has no attribute 'group' | 
2021-03-07 04:37:30.449184 | 'NoneType' object has no attribute 'group' | 
2021-03-07 04:37:34.347410 | 'NoneType' object has no attribute 'group' | 
2021-03-07 04:37:38.530364 | 'NoneType' object has no attribute 'group' | 
2021-03-07 04:37:41.618634 | 'NoneType' object has no attribute 'group' | 
2021-03-07 04:47:20.619751 | Nouvelle suggestion par Stain#4449! | 
2021-03-07 15:34:39.866654 | Stain a effacé 2 messages du salon roles! | 
2021-03-09 03:07:33.178473 | Kilian#5672 a quitté le serveur! | 
2021-03-09 03:09:49.389134 | Kilian#5672 a quitté le serveur! | 
2021-03-09 03:10:35.738882 | Kilian#5672 a quitté le serveur! | 
2021-03-09 03:11:14.879979 | Kilian#5672 a quitté le serveur! | 
2021-03-09 03:14:49.907495 | Kilian#5672 a quitté le serveur! | 
2021-03-09 03:14:55.069725 | Kilian#5672 a rejoint le serveur! | 
2021-03-09 03:16:24.910369 | Kilian#5672 a quitté le serveur! | 
2021-03-09 03:16:28.829464 | Kilian#5672 a rejoint le serveur! | 
2021-03-09 03:17:15.794205 | Kilian#5672 s'est attribué le rôle membre! | 
2021-03-09 03:17:18.650081 | Kilian#5672 s'est retiré le rôle membre! | 
2021-03-09 03:17:19.618295 | Kilian#5672 s'est attribué le rôle membre! | 
2021-03-09 03:19:15.341127 | Kilian#5672 a quitté le serveur! | 
2021-03-09 03:19:19.813984 | Kilian#5672 a rejoint le serveur! | 
2021-03-10 00:55:08.280888 | Stain a effacé 2 messages du salon idées! | 
2021-03-10 01:48:40.084309 | Kilian#5672 a quitté le serveur! | 
2021-03-10 01:48:44.402031 | Kilian#5672 a rejoint le serveur! | 
2021-03-10 01:49:45.821029 | Kilian#5672 a quitté le serveur! | 
2021-03-10 01:49:49.394579 | Kilian#5672 a rejoint le serveur! | 
2021-03-11 02:30:12.154502 | UrWorstNightmare...#5672 a quitté le serveur! | 
2021-03-11 02:30:25.153830 | UrWorstNightmare...#5672 a rejoint le serveur! | 
2021-03-11 02:32:25.083898 | UrWorstNightmare...#5672 a quitté le serveur! | 
2021-03-11 02:32:28.273893 | UrWorstNightmare...#5672 a rejoint le serveur! | 
2021-03-11 02:33:11.527094 | UrWorstNightmare...#5672 a quitté le serveur! | 
2021-03-11 02:33:42.984820 | UrWorstNightmare...#5672 a quitté le serveur! | 
2021-03-11 02:35:51.990831 | UrWorstNightmare...#5672 a quitté le serveur! | 
2021-03-11 02:36:16.457513 | UrWorstNightmare...#5672 a quitté le serveur! | 
2021-03-11 02:38:33.982597 | UrWorstNightmare...#5672 a quitté le serveur! | 
2021-03-11 02:39:27.118701 | Le salon de bienvenue a été défini sur <#749392569296748574>. | 
2021-03-11 02:40:24.105691 | Le salon de bienvenue a été défini sur <#749392569296748574>. | 
2021-03-11 02:40:52.171988 | Le message de bienvenue a été définis sur 'Bienvenue à toi $member! J'espère que tu te sentira chez toi!'. | 
2021-03-11 02:41:01.222333 | UrWorstNightmare...#5672 a quitté le serveur! | 
2021-03-11 02:41:04.131524 | UrWorstNightmare...#5672 a rejoint le serveur! | 
2021-03-11 02:56:37.173652 | Le salon de bienvenue a été défini sur <#749392569296748574>. | 
2021-03-13 02:11:52.225099 | UrWorstNightmare...#5672 a quitté le serveur! | 
2021-03-13 02:12:08.217746 | UrWorstNightmare...#5672 a rejoint le serveur! | 
2021-03-13 02:13:36.942384 | UrWorstNightmare...#5672 a quitté le serveur! | 
2021-03-13 02:13:40.646004 | UrWorstNightmare...#5672 a rejoint le serveur! | 
2021-03-13 02:15:23.640949 | BOT pour SKY#1273 a quitté le serveur! | 
2021-03-13 02:18:22.476038 | Stain a effacé 6 messages du salon rules! | 
2021-03-13 02:19:43.991442 | UrWorstNightmare...#5672 a quitté le serveur! | 
2021-03-13 02:19:59.034726 | UrWorstNightmare...#5672 a rejoint le serveur! | 
2021-03-13 02:20:21.989644 | UrWorstNightmare...#5672 a quitté le serveur! | 
2021-03-13 02:20:25.567486 | UrWorstNightmare...#5672 a rejoint le serveur! | 
2021-03-13 02:20:39.063066 | UrWorstNightmare...#5672 a quitté le serveur! | 
2021-03-13 02:20:42.649585 | UrWorstNightmare...#5672 a rejoint le serveur! | 
2021-03-13 04:17:49.562639 | UrWorstNightmare...#5672 s'est attribué le rôle Dogs! | 
2021-03-14 04:16:31.966618 | Stain#4449 s'est attribué le rôle test! | 
2021-03-14 04:16:35.131295 | Stain#4449 s'est retiré le rôle test! | 
2021-03-15 00:17:49.223575 | Stain#4449 a joué au pendu dans le salon pendu! | 
2021-03-18 23:50:48.648985 | 🧢 𝕰𝖑𝖞𝕾𝖜𝖆𝖞007#1840 s'est attribué le rôle membre! | 
2021-03-18 23:50:58.394762 | 🧢 𝕰𝖑𝖞𝕾𝖜𝖆𝖞007#1840 s'est retiré le rôle membre! | 
2021-03-19 08:35:37.390528 | Stain#4449 s'est attribué le rôle membre! | 
2021-03-19 08:35:39.885613 | Stain#4449 s'est retiré le rôle membre! | 
2021-03-19 08:35:43.396580 | Stain#4449 s'est attribué le rôle membre! | 
2021-03-20 00:58:18.876316 | LiliKook#1931 s'est attribué le rôle membre! | 
2021-03-20 00:58:19.529712 | LiliKook#1931 s'est attribué le rôle Invité! | 
2021-03-20 00:58:19.773554 | LiliKook#1931 s'est attribué le rôle Dogs! | 
2021-03-21 02:03:29.864618 | Stain a effacé 2 messages du salon help! | 
2021-03-21 02:04:48.688518 | Stain a effacé 5 messages du salon help! | 
2021-03-21 02:05:48.684342 | Stain a effacé 5 messages du salon help! | 
2021-03-21 02:12:20.314743 | Stain a effacé 5 messages du salon help! | 
2021-03-21 21:45:19.361389 | Stain a effacé 5 messages du salon help! | 
2021-03-23 18:57:36.081776 | Maxime#2835 s'est retiré le rôle Invité! | 
2021-03-23 18:57:40.754894 | Maxime#2835 s'est attribué le rôle Invité! | 
2021-03-23 18:57:42.269609 | Maxime#2835 s'est retiré le rôle Invité! | 
2021-03-23 18:57:51.372612 | Maxime#2835 s'est retiré le rôle Cats! | 
2021-03-23 18:57:53.181376 | Maxime#2835 s'est attribué le rôle Cats! | 
2021-03-23 18:57:54.442520 | Maxime#2835 s'est retiré le rôle Cats! | 
2021-03-23 18:57:56.235143 | Maxime#2835 s'est attribué le rôle Cats! | 
2021-03-23 18:57:58.382400 | Maxime#2835 s'est retiré le rôle Dogs! | 
2021-03-23 18:58:01.936182 | Maxime#2835 s'est retiré le rôle Cats! | 
2021-03-23 18:58:03.361820 | Maxime#2835 s'est attribué le rôle Cats! | 
2021-03-23 18:58:04.722339 | Maxime#2835 s'est retiré le rôle Cats! | 
2021-03-23 18:58:06.331488 | Maxime#2835 s'est attribué le rôle Cats! | 
2021-03-23 18:58:11.249844 | Maxime#2835 s'est retiré le rôle Cats! | 
2021-03-23 18:58:14.222999 | Maxime#2835 s'est retiré le rôle membre! | 
2021-03-23 18:58:36.469093 | Maxime#2835 s'est attribué le rôle membre! | 
2021-03-23 18:58:43.035900 | Maxime#2835 s'est attribué le rôle membre! | 
2021-03-23 18:58:48.510065 | Maxime#2835 s'est retiré le rôle membre! | 
2021-03-23 18:58:51.319944 | Maxime#2835 s'est retiré le rôle membre! | 
2021-03-23 18:58:52.132223 | Maxime#2835 s'est attribué le rôle membre! | 
2021-03-23 18:58:57.319434 | Maxime#2835 s'est attribué le rôle Cats! | 
2021-04-01 21:17:50.627933 | Stain#4449 a joué au pendu dans le salon général-tests! | 
2021-04-03 00:55:54.389274 | Stain#4449 a joué au pendu dans le salon général-tests! | 
2021-04-03 00:57:18.208776 | 'NoneType' object has no attribute 'group' | 
2021-04-03 00:57:25.385827 | 'NoneType' object has no attribute 'group' | 
